<?xml version="1.0" encoding="UTF-8"?>
<!-- Generated by org.testng.reporters.JUnitXMLReporter -->
<testsuite hostname="DESKTOP-LNV4F6C" ignored="1" name="Test" tests="34" failures="5" timestamp="21 Aug 2019 11:51:16 GMT" time="0.297" errors="0">
  <testcase name="t3" time="0.016" classname="com.hsbc.testng.Testng2"/>
  <testcase name="a4" time="0.0" classname="com.hsbc.testng.Testng4">
    <failure type="java.lang.AssertionError" message="Forced this mtd to fail...">
      <![CDATA[java.lang.AssertionError: Forced this mtd to fail...
	at com.hsbc.testng.Testng4.a4(Testng4.java:36)
... Removed 26 stack frames]]>
    </failure>
  </testcase> <!-- a4 -->
  <testcase name="t1" time="0.0" classname="com.hsbc.testng.Testng4"/>
  <testcase name="t2" time="0.0" classname="com.hsbc.testng.Testng4">
    <failure type="java.lang.AssertionError" message="expected [selenium] but found [Selenium]">
      <![CDATA[java.lang.AssertionError: expected [selenium] but found [Selenium]
	at com.hsbc.testng.Testng4.t2(Testng4.java:19)
... Removed 31 stack frames]]>
    </failure>
  </testcase> <!-- t2 -->
  <testcase name="t3" time="0.016" classname="com.hsbc.testng.Testng4"/>
  <testcase name="a4" time="0.0" classname="com.hsbc.testng.Testng3"/>
  <testcase name="t1" time="0.015" classname="com.hsbc.testng.Testng3"/>
  <testcase name="t1" time="0.0" classname="com.hsbc.testng.Testng3"/>
  <testcase name="t1" time="0.0" classname="com.hsbc.testng.Testng3"/>
  <testcase name="t1" time="0.0" classname="com.hsbc.testng.Testng3"/>
  <testcase name="t1" time="0.0" classname="com.hsbc.testng.Testng3"/>
  <testcase name="t1" time="0.0" classname="com.hsbc.testng.Testng3"/>
  <testcase name="t1" time="0.0" classname="com.hsbc.testng.Testng3"/>
  <testcase name="t1" time="0.016" classname="com.hsbc.testng.Testng3"/>
  <testcase name="t1" time="0.0" classname="com.hsbc.testng.Testng3"/>
  <testcase name="t1" time="0.0" classname="com.hsbc.testng.Testng3"/>
  <testcase name="t3" time="0.015" classname="com.hsbc.testng.Testng3"/>
  <testcase name="hardAssertion" time="0.0" classname="com.hsbc.testng.Testng6">
    <failure type="java.lang.AssertionError" message="expected [20] but found [10]">
      <![CDATA[java.lang.AssertionError: expected [20] but found [10]
	at com.hsbc.testng.Testng6.hardAssertion(Testng6.java:17)
... Removed 31 stack frames]]>
    </failure>
  </testcase> <!-- hardAssertion -->
  <testcase name="softAssertion" time="0.016" classname="com.hsbc.testng.Testng6">
    <failure type="java.lang.AssertionError" message="The following asserts failed:
	expected [20] but found [10],
	10 is not &amp;gt; 20 expected [true] but found [false]">
      <![CDATA[java.lang.AssertionError: The following asserts failed:
	expected [20] but found [10],
	10 is not > 20 expected [true] but found [false]
	at com.hsbc.testng.Testng6.softAssertion(Testng6.java:41)
... Removed 26 stack frames]]>
    </failure>
  </testcase> <!-- softAssertion -->
  <testcase name="t1" time="0.016" classname="com.hsbc.testng.Testng5"/>
  <testcase name="t2" time="0.0" classname="com.hsbc.testng.Testng5">
    <failure type="java.lang.AssertionError" message="expected [selenium] but found [Selenium]">
      <![CDATA[java.lang.AssertionError: expected [selenium] but found [Selenium]
	at com.hsbc.testng.Testng5.t2(Testng5.java:19)
... Removed 31 stack frames]]>
    </failure>
  </testcase> <!-- t2 -->
  <testcase name="t3" time="0.0" classname="com.hsbc.testng.Testng5">
    <skipped/>
  </testcase> <!-- t3 -->
  <testcase name="t4" time="0.0" classname="com.hsbc.testng.Testng5">
    <skipped/>
  </testcase> <!-- t4 -->
  <testcase name="a4" time="0.0" classname="com.hsbc.testng.Testng2"/>
  <testcase name="a4" time="0.016" classname="com.hsbc.testng.Testng1"/>
  <testcase name="t1" time="0.0" classname="com.hsbc.testng.Testng1"/>
  <testcase name="t2" time="0.0" classname="com.hsbc.testng.Testng1"/>
  <testcase name="t3" time="0.0" classname="com.hsbc.testng.Testng1"/>
  <testcase name="a4" time="0.0" classname="com.hsbc.testng.Testng7"/>
  <testcase name="t1" time="0.0" classname="com.hsbc.testng.Testng7"/>
  <testcase name="t2" time="0.0" classname="com.hsbc.testng.Testng7"/>
  <testcase name="t3" time="0.0" classname="com.hsbc.testng.Testng7"/>
  <testcase name="t2" time="0.0" classname="com.hsbc.testng.Testng2"/>
  <testcase name="t1" time="0.0" classname="com.hsbc.testng.Testng2"/>
  <testcase name="t2" time="0.0" classname="com.hsbc.testng.Testng3">
    <ignored/>
  </testcase> <!-- t2 -->
</testsuite> <!-- Test -->
