<?xml version="1.0" encoding="UTF-8"?>
<!-- Generated by org.testng.reporters.JUnitXMLReporter -->
<testsuite hostname="DESKTOP-VOO7V1N" ignored="0" name="Test Set 2" tests="10" failures="3" timestamp="24 Aug 2019 15:07:58 GMT" time="0.145" errors="0">
  <testcase name="t1" time="0.015" classname="com.hsbc.testng.Testng5"/>
  <testcase name="t2" time="0.004" classname="com.hsbc.testng.Testng5">
    <failure type="java.lang.AssertionError" message="expected [selenium] but found [Selenium]">
      <![CDATA[java.lang.AssertionError: expected [selenium] but found [Selenium]
	at com.hsbc.testng.Testng5.t2(Testng5.java:19)
... Removed 31 stack frames]]>
    </failure>
  </testcase> <!-- t2 -->
  <testcase name="t3" time="0.0" classname="com.hsbc.testng.Testng5">
    <skipped/>
  </testcase> <!-- t3 -->
  <testcase name="t4" time="0.0" classname="com.hsbc.testng.Testng5">
    <skipped/>
  </testcase> <!-- t4 -->
  <testcase name="hardAssertion" time="0.003" classname="com.hsbc.testng.Testng6">
    <failure type="java.lang.AssertionError" message="expected [20] but found [10]">
      <![CDATA[java.lang.AssertionError: expected [20] but found [10]
	at com.hsbc.testng.Testng6.hardAssertion(Testng6.java:17)
... Removed 31 stack frames]]>
    </failure>
  </testcase> <!-- hardAssertion -->
  <testcase name="softAssertion" time="0.018" classname="com.hsbc.testng.Testng6">
    <failure type="java.lang.AssertionError" message="The following asserts failed:
	expected [20] but found [10],
	10 is not &amp;gt; 20 expected [true] but found [false]">
      <![CDATA[java.lang.AssertionError: The following asserts failed:
	expected [20] but found [10],
	10 is not > 20 expected [true] but found [false]
	at com.hsbc.testng.Testng6.softAssertion(Testng6.java:41)
... Removed 26 stack frames]]>
    </failure>
  </testcase> <!-- softAssertion -->
  <testcase name="a4" time="0.003" classname="com.hsbc.testng.Testng7"/>
  <testcase name="t1" time="0.003" classname="com.hsbc.testng.Testng7"/>
  <testcase name="t2" time="0.002" classname="com.hsbc.testng.Testng7"/>
  <testcase name="t3" time="0.004" classname="com.hsbc.testng.Testng7"/>
</testsuite> <!-- Test Set 2 -->
