<html>
<head>
<title>TestNG:  Test</title>
<link href="../testng.css" rel="stylesheet" type="text/css" />
<link href="../my-testng.css" rel="stylesheet" type="text/css" />

<style type="text/css">
.log { display: none;} 
.stack-trace { display: none;} 
</style>
<script type="text/javascript">
<!--
function flip(e) {
  current = e.style.display;
  if (current == 'block') {
    e.style.display = 'none';
    return 0;
  }
  else {
    e.style.display = 'block';
    return 1;
  }
}

function toggleBox(szDivId, elem, msg1, msg2)
{
  var res = -1;  if (document.getElementById) {
    res = flip(document.getElementById(szDivId));
  }
  else if (document.all) {
    // this is the way old msie versions work
    res = flip(document.all[szDivId]);
  }
  if(elem) {
    if(res == 0) elem.innerHTML = msg1; else elem.innerHTML = msg2;
  }

}

function toggleAllBoxes() {
  if (document.getElementsByTagName) {
    d = document.getElementsByTagName('div');
    for (i = 0; i < d.length; i++) {
      if (d[i].className == 'log') {
        flip(d[i]);
      }
    }
  }
}

// -->
</script>

</head>
<body>
<h2 align='center'>Test</h2><table border='1' align="center">
<tr>
<td>Tests passed/Failed/Skipped:</td><td>27/5/2</td>
</tr><tr>
<td>Started on:</td><td>Wed Aug 21 17:21:15 IST 2019</td>
</tr>
<tr><td>Total time:</td><td>0 seconds (297 ms)</td>
</tr><tr>
<td>Included groups:</td><td></td>
</tr><tr>
<td>Excluded groups:</td><td></td>
</tr>
</table><p/>
<small><i>(Hover the method name to see the test class name)</i></small><p/>
<table width='100%' border='1' class='invocation-failed'>
<tr><td colspan='4' align='center'><b>FAILED TESTS</b></td></tr>
<tr><td><b>Test method</b></td>
<td width="30%"><b>Exception</b></td>
<td width="10%"><b>Time (seconds)</b></td>
<td><b>Instance</b></td>
</tr>
<tr>
<td title='com.hsbc.testng.Testng4.a4()'><b>a4</b><br>Test class: com.hsbc.testng.Testng4</td>
<td><div><pre>java.lang.AssertionError: Forced this mtd to fail...
	at com.hsbc.testng.Testng4.a4(Testng4.java:36)
... Removed 26 stack frames</pre></div><a href='#' onClick='toggleBox("stack-trace1386767190", this, "Click to show all stack frames", "Click to hide stack frames")'>Click to show all stack frames</a>
<div class='stack-trace' id='stack-trace1386767190'><pre>java.lang.AssertionError: Forced this mtd to fail...
	at org.testng.Assert.fail(Assert.java:93)
	at com.hsbc.testng.Testng4.a4(Testng4.java:36)
	at sun.reflect.NativeMethodAccessorImpl.invoke0(Native Method)
	at sun.reflect.NativeMethodAccessorImpl.invoke(NativeMethodAccessorImpl.java:62)
	at sun.reflect.DelegatingMethodAccessorImpl.invoke(DelegatingMethodAccessorImpl.java:43)
	at java.lang.reflect.Method.invoke(Method.java:498)
	at org.testng.internal.MethodInvocationHelper.invokeMethod(MethodInvocationHelper.java:108)
	at org.testng.internal.Invoker.invokeMethod(Invoker.java:661)
	at org.testng.internal.Invoker.invokeTestMethod(Invoker.java:869)
	at org.testng.internal.Invoker.invokeTestMethods(Invoker.java:1193)
	at org.testng.internal.TestMethodWorker.invokeTestMethods(TestMethodWorker.java:126)
	at org.testng.internal.TestMethodWorker.run(TestMethodWorker.java:109)
	at org.testng.TestRunner.privateRun(TestRunner.java:744)
	at org.testng.TestRunner.run(TestRunner.java:602)
	at org.testng.SuiteRunner.runTest(SuiteRunner.java:380)
	at org.testng.SuiteRunner.runSequentially(SuiteRunner.java:375)
	at org.testng.SuiteRunner.privateRun(SuiteRunner.java:340)
	at org.testng.SuiteRunner.run(SuiteRunner.java:289)
	at org.testng.SuiteRunnerWorker.runSuite(SuiteRunnerWorker.java:52)
	at org.testng.SuiteRunnerWorker.run(SuiteRunnerWorker.java:86)
	at org.testng.TestNG.runSuitesSequentially(TestNG.java:1301)
	at org.testng.TestNG.runSuitesLocally(TestNG.java:1226)
	at org.testng.TestNG.runSuites(TestNG.java:1144)
	at org.testng.TestNG.run(TestNG.java:1115)
	at org.testng.remote.AbstractRemoteTestNG.run(AbstractRemoteTestNG.java:126)
	at org.testng.remote.RemoteTestNG.initAndRun(RemoteTestNG.java:152)
	at org.testng.remote.RemoteTestNG.main(RemoteTestNG.java:57)
</pre></div></td>
<td>0</td>
<td>com.hsbc.testng.Testng4@396a51ab</td></tr>
<tr>
<td title='com.hsbc.testng.Testng6.hardAssertion()'><b>hardAssertion</b><br>Test class: com.hsbc.testng.Testng6</td>
<td><div><pre>java.lang.AssertionError: expected [20] but found [10]
	at com.hsbc.testng.Testng6.hardAssertion(Testng6.java:17)
... Removed 31 stack frames</pre></div><a href='#' onClick='toggleBox("stack-trace1795799895", this, "Click to show all stack frames", "Click to hide stack frames")'>Click to show all stack frames</a>
<div class='stack-trace' id='stack-trace1795799895'><pre>java.lang.AssertionError: expected [20] but found [10]
	at org.testng.Assert.fail(Assert.java:93)
	at org.testng.Assert.failNotEquals(Assert.java:512)
	at org.testng.Assert.assertEqualsImpl(Assert.java:134)
	at org.testng.Assert.assertEquals(Assert.java:115)
	at org.testng.Assert.assertEquals(Assert.java:388)
	at org.testng.Assert.assertEquals(Assert.java:398)
	at com.hsbc.testng.Testng6.hardAssertion(Testng6.java:17)
	at sun.reflect.NativeMethodAccessorImpl.invoke0(Native Method)
	at sun.reflect.NativeMethodAccessorImpl.invoke(NativeMethodAccessorImpl.java:62)
	at sun.reflect.DelegatingMethodAccessorImpl.invoke(DelegatingMethodAccessorImpl.java:43)
	at java.lang.reflect.Method.invoke(Method.java:498)
	at org.testng.internal.MethodInvocationHelper.invokeMethod(MethodInvocationHelper.java:108)
	at org.testng.internal.Invoker.invokeMethod(Invoker.java:661)
	at org.testng.internal.Invoker.invokeTestMethod(Invoker.java:869)
	at org.testng.internal.Invoker.invokeTestMethods(Invoker.java:1193)
	at org.testng.internal.TestMethodWorker.invokeTestMethods(TestMethodWorker.java:126)
	at org.testng.internal.TestMethodWorker.run(TestMethodWorker.java:109)
	at org.testng.TestRunner.privateRun(TestRunner.java:744)
	at org.testng.TestRunner.run(TestRunner.java:602)
	at org.testng.SuiteRunner.runTest(SuiteRunner.java:380)
	at org.testng.SuiteRunner.runSequentially(SuiteRunner.java:375)
	at org.testng.SuiteRunner.privateRun(SuiteRunner.java:340)
	at org.testng.SuiteRunner.run(SuiteRunner.java:289)
	at org.testng.SuiteRunnerWorker.runSuite(SuiteRunnerWorker.java:52)
	at org.testng.SuiteRunnerWorker.run(SuiteRunnerWorker.java:86)
	at org.testng.TestNG.runSuitesSequentially(TestNG.java:1301)
	at org.testng.TestNG.runSuitesLocally(TestNG.java:1226)
	at org.testng.TestNG.runSuites(TestNG.java:1144)
	at org.testng.TestNG.run(TestNG.java:1115)
	at org.testng.remote.AbstractRemoteTestNG.run(AbstractRemoteTestNG.java:126)
	at org.testng.remote.RemoteTestNG.initAndRun(RemoteTestNG.java:152)
	at org.testng.remote.RemoteTestNG.main(RemoteTestNG.java:57)
</pre></div></td>
<td>0</td>
<td>com.hsbc.testng.Testng6@7f9a81e8</td></tr>
<tr>
<td title='com.hsbc.testng.Testng6.softAssertion()'><b>softAssertion</b><br>Test class: com.hsbc.testng.Testng6</td>
<td><div><pre>java.lang.AssertionError: The following asserts failed:
	expected [20] but found [10],
	10 is not &gt; 20 expected [true] but found [false]
	at com.hsbc.testng.Testng6.softAssertion(Testng6.java:41)
... Removed 26 stack frames</pre></div><a href='#' onClick='toggleBox("stack-trace120694604", this, "Click to show all stack frames", "Click to hide stack frames")'>Click to show all stack frames</a>
<div class='stack-trace' id='stack-trace120694604'><pre>java.lang.AssertionError: The following asserts failed:
	expected [20] but found [10],
	10 is not &gt; 20 expected [true] but found [false]
	at org.testng.asserts.SoftAssert.assertAll(SoftAssert.java:43)
	at com.hsbc.testng.Testng6.softAssertion(Testng6.java:41)
	at sun.reflect.NativeMethodAccessorImpl.invoke0(Native Method)
	at sun.reflect.NativeMethodAccessorImpl.invoke(NativeMethodAccessorImpl.java:62)
	at sun.reflect.DelegatingMethodAccessorImpl.invoke(DelegatingMethodAccessorImpl.java:43)
	at java.lang.reflect.Method.invoke(Method.java:498)
	at org.testng.internal.MethodInvocationHelper.invokeMethod(MethodInvocationHelper.java:108)
	at org.testng.internal.Invoker.invokeMethod(Invoker.java:661)
	at org.testng.internal.Invoker.invokeTestMethod(Invoker.java:869)
	at org.testng.internal.Invoker.invokeTestMethods(Invoker.java:1193)
	at org.testng.internal.TestMethodWorker.invokeTestMethods(TestMethodWorker.java:126)
	at org.testng.internal.TestMethodWorker.run(TestMethodWorker.java:109)
	at org.testng.TestRunner.privateRun(TestRunner.java:744)
	at org.testng.TestRunner.run(TestRunner.java:602)
	at org.testng.SuiteRunner.runTest(SuiteRunner.java:380)
	at org.testng.SuiteRunner.runSequentially(SuiteRunner.java:375)
	at org.testng.SuiteRunner.privateRun(SuiteRunner.java:340)
	at org.testng.SuiteRunner.run(SuiteRunner.java:289)
	at org.testng.SuiteRunnerWorker.runSuite(SuiteRunnerWorker.java:52)
	at org.testng.SuiteRunnerWorker.run(SuiteRunnerWorker.java:86)
	at org.testng.TestNG.runSuitesSequentially(TestNG.java:1301)
	at org.testng.TestNG.runSuitesLocally(TestNG.java:1226)
	at org.testng.TestNG.runSuites(TestNG.java:1144)
	at org.testng.TestNG.run(TestNG.java:1115)
	at org.testng.remote.AbstractRemoteTestNG.run(AbstractRemoteTestNG.java:126)
	at org.testng.remote.RemoteTestNG.initAndRun(RemoteTestNG.java:152)
	at org.testng.remote.RemoteTestNG.main(RemoteTestNG.java:57)
</pre></div></td>
<td>0</td>
<td>com.hsbc.testng.Testng6@7f9a81e8</td></tr>
<tr>
<td title='com.hsbc.testng.Testng4.t2()'><b>t2</b><br>Test class: com.hsbc.testng.Testng4</td>
<td><div><pre>java.lang.AssertionError: expected [selenium] but found [Selenium]
	at com.hsbc.testng.Testng4.t2(Testng4.java:19)
... Removed 31 stack frames</pre></div><a href='#' onClick='toggleBox("stack-trace1401132667", this, "Click to show all stack frames", "Click to hide stack frames")'>Click to show all stack frames</a>
<div class='stack-trace' id='stack-trace1401132667'><pre>java.lang.AssertionError: expected [selenium] but found [Selenium]
	at org.testng.Assert.fail(Assert.java:93)
	at org.testng.Assert.failNotEquals(Assert.java:512)
	at org.testng.Assert.assertEqualsImpl(Assert.java:134)
	at org.testng.Assert.assertEquals(Assert.java:115)
	at org.testng.Assert.assertEquals(Assert.java:189)
	at org.testng.Assert.assertEquals(Assert.java:199)
	at com.hsbc.testng.Testng4.t2(Testng4.java:19)
	at sun.reflect.NativeMethodAccessorImpl.invoke0(Native Method)
	at sun.reflect.NativeMethodAccessorImpl.invoke(NativeMethodAccessorImpl.java:62)
	at sun.reflect.DelegatingMethodAccessorImpl.invoke(DelegatingMethodAccessorImpl.java:43)
	at java.lang.reflect.Method.invoke(Method.java:498)
	at org.testng.internal.MethodInvocationHelper.invokeMethod(MethodInvocationHelper.java:108)
	at org.testng.internal.Invoker.invokeMethod(Invoker.java:661)
	at org.testng.internal.Invoker.invokeTestMethod(Invoker.java:869)
	at org.testng.internal.Invoker.invokeTestMethods(Invoker.java:1193)
	at org.testng.internal.TestMethodWorker.invokeTestMethods(TestMethodWorker.java:126)
	at org.testng.internal.TestMethodWorker.run(TestMethodWorker.java:109)
	at org.testng.TestRunner.privateRun(TestRunner.java:744)
	at org.testng.TestRunner.run(TestRunner.java:602)
	at org.testng.SuiteRunner.runTest(SuiteRunner.java:380)
	at org.testng.SuiteRunner.runSequentially(SuiteRunner.java:375)
	at org.testng.SuiteRunner.privateRun(SuiteRunner.java:340)
	at org.testng.SuiteRunner.run(SuiteRunner.java:289)
	at org.testng.SuiteRunnerWorker.runSuite(SuiteRunnerWorker.java:52)
	at org.testng.SuiteRunnerWorker.run(SuiteRunnerWorker.java:86)
	at org.testng.TestNG.runSuitesSequentially(TestNG.java:1301)
	at org.testng.TestNG.runSuitesLocally(TestNG.java:1226)
	at org.testng.TestNG.runSuites(TestNG.java:1144)
	at org.testng.TestNG.run(TestNG.java:1115)
	at org.testng.remote.AbstractRemoteTestNG.run(AbstractRemoteTestNG.java:126)
	at org.testng.remote.RemoteTestNG.initAndRun(RemoteTestNG.java:152)
	at org.testng.remote.RemoteTestNG.main(RemoteTestNG.java:57)
</pre></div></td>
<td>0</td>
<td>com.hsbc.testng.Testng4@396a51ab</td></tr>
<tr>
<td title='com.hsbc.testng.Testng5.t2()'><b>t2</b><br>Test class: com.hsbc.testng.Testng5</td>
<td><div><pre>java.lang.AssertionError: expected [selenium] but found [Selenium]
	at com.hsbc.testng.Testng5.t2(Testng5.java:19)
... Removed 31 stack frames</pre></div><a href='#' onClick='toggleBox("stack-trace2006034581", this, "Click to show all stack frames", "Click to hide stack frames")'>Click to show all stack frames</a>
<div class='stack-trace' id='stack-trace2006034581'><pre>java.lang.AssertionError: expected [selenium] but found [Selenium]
	at org.testng.Assert.fail(Assert.java:93)
	at org.testng.Assert.failNotEquals(Assert.java:512)
	at org.testng.Assert.assertEqualsImpl(Assert.java:134)
	at org.testng.Assert.assertEquals(Assert.java:115)
	at org.testng.Assert.assertEquals(Assert.java:189)
	at org.testng.Assert.assertEquals(Assert.java:199)
	at com.hsbc.testng.Testng5.t2(Testng5.java:19)
	at sun.reflect.NativeMethodAccessorImpl.invoke0(Native Method)
	at sun.reflect.NativeMethodAccessorImpl.invoke(NativeMethodAccessorImpl.java:62)
	at sun.reflect.DelegatingMethodAccessorImpl.invoke(DelegatingMethodAccessorImpl.java:43)
	at java.lang.reflect.Method.invoke(Method.java:498)
	at org.testng.internal.MethodInvocationHelper.invokeMethod(MethodInvocationHelper.java:108)
	at org.testng.internal.Invoker.invokeMethod(Invoker.java:661)
	at org.testng.internal.Invoker.invokeTestMethod(Invoker.java:869)
	at org.testng.internal.Invoker.invokeTestMethods(Invoker.java:1193)
	at org.testng.internal.TestMethodWorker.invokeTestMethods(TestMethodWorker.java:126)
	at org.testng.internal.TestMethodWorker.run(TestMethodWorker.java:109)
	at org.testng.TestRunner.privateRun(TestRunner.java:744)
	at org.testng.TestRunner.run(TestRunner.java:602)
	at org.testng.SuiteRunner.runTest(SuiteRunner.java:380)
	at org.testng.SuiteRunner.runSequentially(SuiteRunner.java:375)
	at org.testng.SuiteRunner.privateRun(SuiteRunner.java:340)
	at org.testng.SuiteRunner.run(SuiteRunner.java:289)
	at org.testng.SuiteRunnerWorker.runSuite(SuiteRunnerWorker.java:52)
	at org.testng.SuiteRunnerWorker.run(SuiteRunnerWorker.java:86)
	at org.testng.TestNG.runSuitesSequentially(TestNG.java:1301)
	at org.testng.TestNG.runSuitesLocally(TestNG.java:1226)
	at org.testng.TestNG.runSuites(TestNG.java:1144)
	at org.testng.TestNG.run(TestNG.java:1115)
	at org.testng.remote.AbstractRemoteTestNG.run(AbstractRemoteTestNG.java:126)
	at org.testng.remote.RemoteTestNG.initAndRun(RemoteTestNG.java:152)
	at org.testng.remote.RemoteTestNG.main(RemoteTestNG.java:57)
</pre></div></td>
<td>0</td>
<td>com.hsbc.testng.Testng5@9629756</td></tr>
</table><p>
<table width='100%' border='1' class='invocation-passed'>
<tr><td colspan='4' align='center'><b>PASSED TESTS</b></td></tr>
<tr><td><b>Test method</b></td>
<td width="30%"><b>Exception</b></td>
<td width="10%"><b>Time (seconds)</b></td>
<td><b>Instance</b></td>
</tr>
<tr>
<td title='com.hsbc.testng.Testng3.a4()'><b>a4</b><br>Test class: com.hsbc.testng.Testng3</td>
<td></td>
<td>0</td>
<td>com.hsbc.testng.Testng3@51081592</td></tr>
<tr>
<td title='com.hsbc.testng.Testng2.a4()'><b>a4</b><br>Test class: com.hsbc.testng.Testng2</td>
<td></td>
<td>0</td>
<td>com.hsbc.testng.Testng2@58651fd0</td></tr>
<tr>
<td title='com.hsbc.testng.Testng1.a4()'><b>a4</b><br>Test class: com.hsbc.testng.Testng1</td>
<td></td>
<td>0</td>
<td>com.hsbc.testng.Testng1@4520ebad</td></tr>
<tr>
<td title='com.hsbc.testng.Testng7.a4()'><b>a4</b><br>Test class: com.hsbc.testng.Testng7</td>
<td></td>
<td>0</td>
<td>com.hsbc.testng.Testng7@5419f379</td></tr>
<tr>
<td title='com.hsbc.testng.Testng4.t1()'><b>t1</b><br>Test class: com.hsbc.testng.Testng4</td>
<td></td>
<td>0</td>
<td>com.hsbc.testng.Testng4@396a51ab</td></tr>
<tr>
<td title='com.hsbc.testng.Testng3.t1()'><b>t1</b><br>Test class: com.hsbc.testng.Testng3</td>
<td></td>
<td>0</td>
<td>com.hsbc.testng.Testng3@51081592</td></tr>
<tr>
<td title='com.hsbc.testng.Testng3.t1()'><b>t1</b><br>Test class: com.hsbc.testng.Testng3</td>
<td></td>
<td>0</td>
<td>com.hsbc.testng.Testng3@51081592</td></tr>
<tr>
<td title='com.hsbc.testng.Testng3.t1()'><b>t1</b><br>Test class: com.hsbc.testng.Testng3</td>
<td></td>
<td>0</td>
<td>com.hsbc.testng.Testng3@51081592</td></tr>
<tr>
<td title='com.hsbc.testng.Testng3.t1()'><b>t1</b><br>Test class: com.hsbc.testng.Testng3</td>
<td></td>
<td>0</td>
<td>com.hsbc.testng.Testng3@51081592</td></tr>
<tr>
<td title='com.hsbc.testng.Testng3.t1()'><b>t1</b><br>Test class: com.hsbc.testng.Testng3</td>
<td></td>
<td>0</td>
<td>com.hsbc.testng.Testng3@51081592</td></tr>
<tr>
<td title='com.hsbc.testng.Testng3.t1()'><b>t1</b><br>Test class: com.hsbc.testng.Testng3</td>
<td></td>
<td>0</td>
<td>com.hsbc.testng.Testng3@51081592</td></tr>
<tr>
<td title='com.hsbc.testng.Testng3.t1()'><b>t1</b><br>Test class: com.hsbc.testng.Testng3</td>
<td></td>
<td>0</td>
<td>com.hsbc.testng.Testng3@51081592</td></tr>
<tr>
<td title='com.hsbc.testng.Testng3.t1()'><b>t1</b><br>Test class: com.hsbc.testng.Testng3</td>
<td></td>
<td>0</td>
<td>com.hsbc.testng.Testng3@51081592</td></tr>
<tr>
<td title='com.hsbc.testng.Testng3.t1()'><b>t1</b><br>Test class: com.hsbc.testng.Testng3</td>
<td></td>
<td>0</td>
<td>com.hsbc.testng.Testng3@51081592</td></tr>
<tr>
<td title='com.hsbc.testng.Testng3.t1()'><b>t1</b><br>Test class: com.hsbc.testng.Testng3</td>
<td></td>
<td>0</td>
<td>com.hsbc.testng.Testng3@51081592</td></tr>
<tr>
<td title='com.hsbc.testng.Testng5.t1()'><b>t1</b><br>Test class: com.hsbc.testng.Testng5</td>
<td></td>
<td>0</td>
<td>com.hsbc.testng.Testng5@9629756</td></tr>
<tr>
<td title='com.hsbc.testng.Testng1.t1()'><b>t1</b><br>Test class: com.hsbc.testng.Testng1</td>
<td></td>
<td>0</td>
<td>com.hsbc.testng.Testng1@4520ebad</td></tr>
<tr>
<td title='com.hsbc.testng.Testng7.t1()'><b>t1</b><br>Test class: com.hsbc.testng.Testng7</td>
<td></td>
<td>0</td>
<td>com.hsbc.testng.Testng7@5419f379</td></tr>
<tr>
<td title='com.hsbc.testng.Testng2.t1()'><b>t1</b><br>Test class: com.hsbc.testng.Testng2</td>
<td></td>
<td>0</td>
<td>com.hsbc.testng.Testng2@58651fd0</td></tr>
<tr>
<td title='com.hsbc.testng.Testng1.t2()'><b>t2</b><br>Test class: com.hsbc.testng.Testng1</td>
<td></td>
<td>0</td>
<td>com.hsbc.testng.Testng1@4520ebad</td></tr>
<tr>
<td title='com.hsbc.testng.Testng7.t2()'><b>t2</b><br>Test class: com.hsbc.testng.Testng7</td>
<td></td>
<td>0</td>
<td>com.hsbc.testng.Testng7@5419f379</td></tr>
<tr>
<td title='com.hsbc.testng.Testng2.t2()'><b>t2</b><br>Test class: com.hsbc.testng.Testng2</td>
<td></td>
<td>0</td>
<td>com.hsbc.testng.Testng2@58651fd0</td></tr>
<tr>
<td title='com.hsbc.testng.Testng2.t3()'><b>t3</b><br>Test class: com.hsbc.testng.Testng2</td>
<td></td>
<td>0</td>
<td>com.hsbc.testng.Testng2@58651fd0</td></tr>
<tr>
<td title='com.hsbc.testng.Testng4.t3()'><b>t3</b><br>Test class: com.hsbc.testng.Testng4</td>
<td></td>
<td>0</td>
<td>com.hsbc.testng.Testng4@396a51ab</td></tr>
<tr>
<td title='com.hsbc.testng.Testng3.t3()'><b>t3</b><br>Test class: com.hsbc.testng.Testng3</td>
<td></td>
<td>0</td>
<td>com.hsbc.testng.Testng3@51081592</td></tr>
<tr>
<td title='com.hsbc.testng.Testng1.t3()'><b>t3</b><br>Test class: com.hsbc.testng.Testng1</td>
<td></td>
<td>0</td>
<td>com.hsbc.testng.Testng1@4520ebad</td></tr>
<tr>
<td title='com.hsbc.testng.Testng7.t3()'><b>t3</b><br>Test class: com.hsbc.testng.Testng7</td>
<td></td>
<td>0</td>
<td>com.hsbc.testng.Testng7@5419f379</td></tr>
</table><p>
<table width='100%' border='1' class='invocation-skipped'>
<tr><td colspan='4' align='center'><b>SKIPPED TESTS</b></td></tr>
<tr><td><b>Test method</b></td>
<td width="30%"><b>Exception</b></td>
<td width="10%"><b>Time (seconds)</b></td>
<td><b>Instance</b></td>
</tr>
<tr>
<td title='com.hsbc.testng.Testng5.t3()'><b>t3</b><br>Test class: com.hsbc.testng.Testng5</td>
<td><div><pre>java.lang.Throwable: Method Testng5.t3()[pri:0, instance:com.hsbc.testng.Testng5@9629756] depends on not successfully finished methods
... Removed 18 stack frames</pre></div><a href='#' onClick='toggleBox("stack-trace1663411182", this, "Click to show all stack frames", "Click to hide stack frames")'>Click to show all stack frames</a>
<div class='stack-trace' id='stack-trace1663411182'><pre>java.lang.Throwable: Method Testng5.t3()[pri:0, instance:com.hsbc.testng.Testng5@9629756] depends on not successfully finished methods
	at org.testng.internal.Invoker.invokeTestMethods(Invoker.java:1084)
	at org.testng.internal.TestMethodWorker.invokeTestMethods(TestMethodWorker.java:126)
	at org.testng.internal.TestMethodWorker.run(TestMethodWorker.java:109)
	at org.testng.TestRunner.privateRun(TestRunner.java:744)
	at org.testng.TestRunner.run(TestRunner.java:602)
	at org.testng.SuiteRunner.runTest(SuiteRunner.java:380)
	at org.testng.SuiteRunner.runSequentially(SuiteRunner.java:375)
	at org.testng.SuiteRunner.privateRun(SuiteRunner.java:340)
	at org.testng.SuiteRunner.run(SuiteRunner.java:289)
	at org.testng.SuiteRunnerWorker.runSuite(SuiteRunnerWorker.java:52)
	at org.testng.SuiteRunnerWorker.run(SuiteRunnerWorker.java:86)
	at org.testng.TestNG.runSuitesSequentially(TestNG.java:1301)
	at org.testng.TestNG.runSuitesLocally(TestNG.java:1226)
	at org.testng.TestNG.runSuites(TestNG.java:1144)
	at org.testng.TestNG.run(TestNG.java:1115)
	at org.testng.remote.AbstractRemoteTestNG.run(AbstractRemoteTestNG.java:126)
	at org.testng.remote.RemoteTestNG.initAndRun(RemoteTestNG.java:152)
	at org.testng.remote.RemoteTestNG.main(RemoteTestNG.java:57)
</pre></div></td>
<td>0</td>
<td>null</td></tr>
<tr>
<td title='com.hsbc.testng.Testng5.t4()'><b>t4</b><br>Test class: com.hsbc.testng.Testng5</td>
<td><div><pre>java.lang.Throwable: Method Testng5.t4()[pri:0, instance:com.hsbc.testng.Testng5@9629756] depends on not successfully finished methods
... Removed 18 stack frames</pre></div><a href='#' onClick='toggleBox("stack-trace1740189450", this, "Click to show all stack frames", "Click to hide stack frames")'>Click to show all stack frames</a>
<div class='stack-trace' id='stack-trace1740189450'><pre>java.lang.Throwable: Method Testng5.t4()[pri:0, instance:com.hsbc.testng.Testng5@9629756] depends on not successfully finished methods
	at org.testng.internal.Invoker.invokeTestMethods(Invoker.java:1084)
	at org.testng.internal.TestMethodWorker.invokeTestMethods(TestMethodWorker.java:126)
	at org.testng.internal.TestMethodWorker.run(TestMethodWorker.java:109)
	at org.testng.TestRunner.privateRun(TestRunner.java:744)
	at org.testng.TestRunner.run(TestRunner.java:602)
	at org.testng.SuiteRunner.runTest(SuiteRunner.java:380)
	at org.testng.SuiteRunner.runSequentially(SuiteRunner.java:375)
	at org.testng.SuiteRunner.privateRun(SuiteRunner.java:340)
	at org.testng.SuiteRunner.run(SuiteRunner.java:289)
	at org.testng.SuiteRunnerWorker.runSuite(SuiteRunnerWorker.java:52)
	at org.testng.SuiteRunnerWorker.run(SuiteRunnerWorker.java:86)
	at org.testng.TestNG.runSuitesSequentially(TestNG.java:1301)
	at org.testng.TestNG.runSuitesLocally(TestNG.java:1226)
	at org.testng.TestNG.runSuites(TestNG.java:1144)
	at org.testng.TestNG.run(TestNG.java:1115)
	at org.testng.remote.AbstractRemoteTestNG.run(AbstractRemoteTestNG.java:126)
	at org.testng.remote.RemoteTestNG.initAndRun(RemoteTestNG.java:152)
	at org.testng.remote.RemoteTestNG.main(RemoteTestNG.java:57)
</pre></div></td>
<td>0</td>
<td>null</td></tr>
</table><p>
</body>
</html>